<?xml version="1.0" encoding="UTF-8"?>
<testsuites name="jest tests" tests="2" failures="0" errors="0" time="52.059">
  <testsuite name="Performance: Network List Load Testing" errors="0" failures="0" skipped="0" timestamp="2025-07-10T15:46:18" time="51.999" tests="2">
    <testcase classname="Performance: Network List Load Testing handle network list performance with heavy token load on all popular networks - POWER_USER" name="Performance: Network List Load Testing handle network list performance with heavy token load on all popular networks - POWER_USER" time="24.131">
    </testcase>
    <testcase classname="Performance: Network List Load Testing handle network list performance with heavy token load on all popular networks - CORE_USER" name="Performance: Network List Load Testing handle network list performance with heavy token load on all popular networks - CORE_USER" time="21.044">
    </testcase>
  </testsuite>
</testsuites>